Detecting C [-std=c11] compiler features failed to compile with the following output:
Change Dir: /home/mortex/Documents/learning_c#/polymorphisme/cmake-build-debug/CMakeFiles/CMakeTmp

Run Build Command:"/usr/bin/make" "cmTC_35733/fast"
/usr/bin/make -f CMakeFiles/cmTC_35733.dir/build.make CMakeFiles/cmTC_35733.dir/build
make[1] : on entre dans le répertoire « /home/mortex/Documents/learning_c#/polymorphisme/cmake-build-debug/CMakeFiles/CMakeTmp »
make[1]: ***  Aucune règle pour fabriquer la cible « /home/mortex/Documents/learning_c », nécessaire pour « CMakeFiles/cmTC_35733.dir/feature_tests.c.o ». Arrêt.
make[1] : on quitte le répertoire « /home/mortex/Documents/learning_c#/polymorphisme/cmake-build-debug/CMakeFiles/CMakeTmp »
Makefile:126 : la recette pour la cible « cmTC_35733/fast » a échouée
make: *** [cmTC_35733/fast] Erreur 2



Detecting CXX [-std=c++1z] compiler features failed to compile with the following output:
Change Dir: /home/mortex/Documents/learning_c#/polymorphisme/cmake-build-debug/CMakeFiles/CMakeTmp

Run Build Command:"/usr/bin/make" "cmTC_70839/fast"
/usr/bin/make -f CMakeFiles/cmTC_70839.dir/build.make CMakeFiles/cmTC_70839.dir/build
make[1] : on entre dans le répertoire « /home/mortex/Documents/learning_c#/polymorphisme/cmake-build-debug/CMakeFiles/CMakeTmp »
make[1]: ***  Aucune règle pour fabriquer la cible « /home/mortex/Documents/learning_c », nécessaire pour « CMakeFiles/cmTC_70839.dir/feature_tests.cxx.o ». Arrêt.
make[1] : on quitte le répertoire « /home/mortex/Documents/learning_c#/polymorphisme/cmake-build-debug/CMakeFiles/CMakeTmp »
Makefile:126 : la recette pour la cible « cmTC_70839/fast » a échouée
make: *** [cmTC_70839/fast] Erreur 2



